{"numTotalTestSuites":8,"numPassedTestSuites":5,"numFailedTestSuites":3,"numPendingTestSuites":0,"numTotalTests":17,"numPassedTests":16,"numFailedTests":1,"numPendingTests":0,"numTodoTests":0,"snapshot":{"added":0,"failure":false,"filesAdded":0,"filesRemoved":0,"filesRemovedList":[],"filesUnmatched":0,"filesUpdated":0,"matched":0,"total":0,"unchecked":0,"uncheckedKeysByFile":[],"unmatched":0,"updated":0,"didUpdate":false},"startTime":1750588292048,"success":false,"testResults":[{"assertionResults":[{"ancestorTitles":["Enhanced Webhook Processing","Payment Intent Matching Strategies"],"fullName":"Enhanced Webhook Processing Payment Intent Matching Strategies should match payment intent by direct ID","status":"passed","title":"should match payment intent by direct ID","duration":885.3575839999999,"failureMessages":[],"meta":{}},{"ancestorTitles":["Enhanced Webhook Processing","Payment Intent Matching Strategies"],"fullName":"Enhanced Webhook Processing Payment Intent Matching Strategies should match payment intent by metadata donation ID","status":"passed","title":"should match payment intent by metadata donation ID","duration":380.25628499999993,"failureMessages":[],"meta":{}},{"ancestorTitles":["Enhanced Webhook Processing","Payment Intent Matching Strategies"],"fullName":"Enhanced Webhook Processing Payment Intent Matching Strategies should handle orphaned payments gracefully","status":"passed","title":"should handle orphaned payments gracefully","duration":117.57580600000028,"failureMessages":[],"meta":{}},{"ancestorTitles":["Enhanced Webhook Processing","Payment Retry Scenarios"],"fullName":"Enhanced Webhook Processing Payment Retry Scenarios should handle multiple payment attempts for same donation","status":"passed","title":"should handle multiple payment attempts for same donation","duration":543.9964550000004,"failureMessages":[],"meta":{}},{"ancestorTitles":["Enhanced Webhook Processing","Subscription Processing"],"fullName":"Enhanced Webhook Processing Subscription Processing should create and process subscription webhooks","status":"passed","title":"should create and process subscription webhooks","duration":261.6294990000001,"failureMessages":[],"meta":{}},{"ancestorTitles":["Enhanced Webhook Processing","Currency and Amount Validation"],"fullName":"Enhanced Webhook Processing Currency and Amount Validation should process payments in AUD","status":"passed","title":"should process payments in AUD","duration":298.65459399999963,"failureMessages":[],"meta":{}},{"ancestorTitles":["Enhanced Webhook Processing","Currency and Amount Validation"],"fullName":"Enhanced Webhook Processing Currency and Amount Validation should process payments in USD","status":"passed","title":"should process payments in USD","duration":297.3725349999995,"failureMessages":[],"meta":{}},{"ancestorTitles":["Enhanced Webhook Processing","Currency and Amount Validation"],"fullName":"Enhanced Webhook Processing Currency and Amount Validation should process payments in EUR","status":"passed","title":"should process payments in EUR","duration":291.4662250000001,"failureMessages":[],"meta":{}},{"ancestorTitles":["Enhanced Webhook Processing","Currency and Amount Validation"],"fullName":"Enhanced Webhook Processing Currency and Amount Validation should process payments in GBP","status":"passed","title":"should process payments in GBP","duration":332.56492100000014,"failureMessages":[],"meta":{}},{"ancestorTitles":["Enhanced Webhook Processing","Currency and Amount Validation"],"fullName":"Enhanced Webhook Processing Currency and Amount Validation should process payments in INR","status":"passed","title":"should process payments in INR","duration":307.69952399999966,"failureMessages":[],"meta":{}},{"ancestorTitles":["Enhanced Webhook Processing","Currency and Amount Validation"],"fullName":"Enhanced Webhook Processing Currency and Amount Validation should handle amount 5","status":"passed","title":"should handle amount 5","duration":332.17773000000034,"failureMessages":[],"meta":{}},{"ancestorTitles":["Enhanced Webhook Processing","Currency and Amount Validation"],"fullName":"Enhanced Webhook Processing Currency and Amount Validation should handle amount 25.5","status":"passed","title":"should handle amount 25.5","duration":329.924121,"failureMessages":[],"meta":{}},{"ancestorTitles":["Enhanced Webhook Processing","Currency and Amount Validation"],"fullName":"Enhanced Webhook Processing Currency and Amount Validation should handle amount 100","status":"passed","title":"should handle amount 100","duration":340.76948900000025,"failureMessages":[],"meta":{}},{"ancestorTitles":["Enhanced Webhook Processing","Currency and Amount Validation"],"fullName":"Enhanced Webhook Processing Currency and Amount Validation should handle amount 1000","status":"passed","title":"should handle amount 1000","duration":338.0587400000004,"failureMessages":[],"meta":{}},{"ancestorTitles":["Enhanced Webhook Processing","Case Amount Updates"],"fullName":"Enhanced Webhook Processing Case Amount Updates should update case amount when donation for case is completed","status":"failed","title":"should update case amount when donation for case is completed","duration":601.0761480000001,"failureMessages":["AssertionError: expected 400 to be 200 // Object.is equality\n    at /home/runner/workspace/tests/webhook-processing.test.ts:360:44\n    at processTicksAndRejections (node:internal/process/task_queues:95:5)\n    at file:///home/runner/workspace/node_modules/@vitest/runner/dist/chunk-hooks.js:752:20"],"meta":{}},{"ancestorTitles":["Enhanced Webhook Processing","Error Handling and Resilience"],"fullName":"Enhanced Webhook Processing Error Handling and Resilience should handle malformed webhook data gracefully","status":"passed","title":"should handle malformed webhook data gracefully","duration":158.24964100000034,"failureMessages":[],"meta":{}},{"ancestorTitles":["Enhanced Webhook Processing","Error Handling and Resilience"],"fullName":"Enhanced Webhook Processing Error Handling and Resilience should prevent duplicate processing of same payment","status":"passed","title":"should prevent duplicate processing of same payment","duration":452.03752600000007,"failureMessages":[],"meta":{}}],"startTime":1750588294019,"endTime":1750588300294.0376,"status":"failed","message":"","name":"/home/runner/workspace/tests/webhook-processing.test.ts"}]}
